<?xml version="1.0" encoding="UTF-8"?>
<!-- Generated by org.testng.reporters.JUnitReportReporter -->
<testsuite skipped="0" hostname="Anbreens-MacBook-Air.local" name="com.tests.LoginTest" tests="2" failures="0" timestamp="2019-12-30T00:06:12 GMT" time="10.095" errors="0">
  <testcase name="freeCrmTitleTest" time="6.301" classname="com.tests.LoginTest"/>
  <testcase name="freemCRMLogoTest" time="3.794" classname="com.tests.LoginTest"/>
</testsuite> <!-- com.tests.LoginTest -->
